2022-12-04 17:26:59,915 INFO org.springframework.boot.StartupInfoLogger [restartedMain] Starting MasterApplication using Java 11.0.12 on ericaMacBookPro.local with PID 77912 (/Users/erica/learn/spring-boot/masterSpring/master/target/classes started by erica in /Users/erica/learn/spring-boot/masterSpring/master)
2022-12-04 17:26:59,916 INFO org.springframework.boot.SpringApplication [restartedMain] No active profile set, falling back to 1 default profile: "default"
2022-12-04 17:27:00,107 INFO org.springframework.data.repository.config.RepositoryConfigurationDelegate [restartedMain] Bootstrapping Spring Data JPA repositories in DEFAULT mode.
2022-12-04 17:27:00,123 INFO org.springframework.data.repository.config.RepositoryConfigurationDelegate [restartedMain] Finished Spring Data repository scanning in 15 ms. Found 7 JPA repository interfaces.
2022-12-04 17:27:00,313 INFO org.springframework.boot.web.embedded.tomcat.TomcatWebServer [restartedMain] Tomcat initialized with port(s): 8087 (http)
2022-12-04 17:27:00,314 INFO org.apache.juli.logging.DirectJDKLog [restartedMain] Starting service [Tomcat]
2022-12-04 17:27:00,314 INFO org.apache.juli.logging.DirectJDKLog [restartedMain] Starting Servlet engine: [Apache Tomcat/9.0.65]
2022-12-04 17:27:00,324 INFO org.apache.juli.logging.DirectJDKLog [restartedMain] Initializing Spring embedded WebApplicationContext
2022-12-04 17:27:00,325 INFO org.springframework.boot.web.servlet.context.ServletWebServerApplicationContext [restartedMain] Root WebApplicationContext: initialization completed in 406 ms
2022-12-04 17:27:00,344 INFO com.zaxxer.hikari.HikariDataSource [restartedMain] HikariPool-8 - Starting...
2022-12-04 17:27:00,346 INFO com.zaxxer.hikari.HikariDataSource [restartedMain] HikariPool-8 - Start completed.
2022-12-04 17:27:00,346 INFO org.springframework.boot.autoconfigure.h2.H2ConsoleAutoConfiguration [restartedMain] H2 console available at '/h2-console'. Database available at 'jdbc:h2:mem:testdb'
2022-12-04 17:27:00,408 INFO org.hibernate.jpa.internal.util.LogHelper [restartedMain] HHH000204: Processing PersistenceUnitInfo [name: default]
2022-12-04 17:27:00,413 INFO org.hibernate.dialect.Dialect [restartedMain] HHH000400: Using dialect: org.hibernate.dialect.H2Dialect
2022-12-04 17:27:00,492 INFO org.hibernate.engine.transaction.jta.platform.internal.JtaPlatformInitiator [restartedMain] HHH000490: Using JtaPlatform implementation: [org.hibernate.engine.transaction.jta.platform.internal.NoJtaPlatform]
2022-12-04 17:27:00,495 INFO org.springframework.orm.jpa.AbstractEntityManagerFactoryBean [restartedMain] Initialized JPA EntityManagerFactory for persistence unit 'default'
2022-12-04 17:27:00,805 WARN org.springframework.data.jpa.repository.query.NamedQuery [restartedMain] Finder method public abstract org.springframework.data.domain.Page springboot.repository.ContactRepository.findOpenMsgs(java.lang.String,org.springframework.data.domain.Pageable) is backed by a NamedQuery but contains a Pageable parameter! Sorting delivered via this Pageable will not be applied!
2022-12-04 17:27:00,828 WARN org.springframework.data.jpa.repository.query.NamedQuery [restartedMain] Finder method public abstract org.springframework.data.domain.Page springboot.repository.ContactRepository.findOpenMsgsNative(java.lang.String,org.springframework.data.domain.Pageable) is backed by a NamedQuery but contains a Pageable parameter! Sorting delivered via this Pageable will not be applied!
2022-12-04 17:27:01,002 WARN org.springframework.boot.autoconfigure.orm.jpa.JpaBaseConfiguration$JpaWebConfiguration [restartedMain] spring.jpa.open-in-view is enabled by default. Therefore, database queries may be performed during view rendering. Explicitly configure spring.jpa.open-in-view to disable this warning
2022-12-04 17:27:01,430 INFO org.springframework.security.web.DefaultSecurityFilterChain [restartedMain] Will secure any request with [org.springframework.security.web.session.DisableEncodeUrlFilter@71a34622, org.springframework.security.web.context.request.async.WebAsyncManagerIntegrationFilter@6e6044be, org.springframework.security.web.context.SecurityContextPersistenceFilter@1741d8a5, org.springframework.security.web.header.HeaderWriterFilter@39a12e8c, org.springframework.security.web.csrf.CsrfFilter@19828b84, org.springframework.security.web.authentication.logout.LogoutFilter@58361efe, org.springframework.security.web.authentication.UsernamePasswordAuthenticationFilter@5e7c356d, org.springframework.security.web.authentication.www.BasicAuthenticationFilter@5213d83f, org.springframework.security.web.savedrequest.RequestCacheAwareFilter@75bcbb14, org.springframework.security.web.servletapi.SecurityContextHolderAwareRequestFilter@3bd67ee5, org.springframework.security.web.authentication.AnonymousAuthenticationFilter@5108c342, org.springframework.security.web.session.SessionManagementFilter@1a12bec8, org.springframework.security.web.access.ExceptionTranslationFilter@6c489960, org.springframework.security.web.access.intercept.FilterSecurityInterceptor@475b00e8]
2022-12-04 17:27:01,792 INFO org.springframework.boot.devtools.autoconfigure.OptionalLiveReloadServer [restartedMain] LiveReload server is running on port 35729
2022-12-04 17:27:01,812 INFO org.springframework.boot.web.embedded.tomcat.TomcatWebServer [restartedMain] Tomcat started on port(s): 8087 (http) with context path ''
2022-12-04 17:27:01,817 INFO org.springframework.boot.StartupInfoLogger [restartedMain] Started MasterApplication in 7.001 seconds (JVM running for 2780.328)
2022-12-04 17:27:01,819 INFO org.springframework.boot.devtools.autoconfigure.ConditionEvaluationDeltaLoggingListener [restartedMain] Condition evaluation unchanged
2022-12-04 17:28:02,924 INFO org.springframework.boot.devtools.autoconfigure.LocalDevToolsAutoConfiguration$RestartingClassPathChangeChangedEventListener [File Watcher] Restarting due to 1 class path change (0 additions, 0 deletions, 1 modification)
2022-12-04 17:28:02,927 INFO org.apache.juli.logging.DirectJDKLog [Thread-32] Stopping service [Tomcat]
2022-12-04 17:28:02,934 INFO org.springframework.orm.jpa.AbstractEntityManagerFactoryBean [Thread-32] Closing JPA EntityManagerFactory for persistence unit 'default'
2022-12-04 17:28:03,140 WARN org.springframework.beans.factory.support.DisposableBeanAdapter [Thread-32] Invocation of destroy method failed on bean with name 'inMemoryDatabaseShutdownExecutor': org.h2.jdbc.JdbcSQLNonTransientConnectionException: Database is already closed (to disable automatic closing at VM shutdown, add ";DB_CLOSE_ON_EXIT=FALSE" to the db URL) [90121-214]
2022-12-04 17:28:03,141 INFO com.zaxxer.hikari.HikariDataSource [Thread-32] HikariPool-8 - Shutdown initiated...
2022-12-04 17:28:03,142 INFO com.zaxxer.hikari.HikariDataSource [Thread-32] HikariPool-8 - Shutdown completed.
